2022-08-13T18:56:53+00:00 CRITICAL Uncaught Error: Class "Jet_Dashboard\Utils" not found in D:\xampp\htdocs\QLXH\wp-content\plugins\jet-engine\includes\modules\modules-updater.php:274
Stack trace:
#0 D:\xampp\htdocs\QLXH\wp-includes\class-wp-hook.php(309): Jet_Engine_Modules_Updater->get_update(Object(stdClass))
#1 D:\xampp\htdocs\QLXH\wp-includes\plugin.php(191): WP_Hook->apply_filters(Object(stdClass), Array)
#2 D:\xampp\htdocs\QLXH\wp-includes\option.php(1992): apply_filters('pre_set_site_tr...', Object(stdClass), 'update_plugins')
#3 D:\xampp\htdocs\QLXH\wp-includes\update.php(354): set_site_transient('update_plugins', Object(stdClass))
#4 D:\xampp\htdocs\QLXH\wp-admin\includes\class-wp-automatic-updater.php(466): wp_update_plugins()
#5 D:\xampp\htdocs\QLXH\wp-includes\update.php(726): WP_Automatic_Updater->run()
#6 D:\xampp\htdocs\QLXH\wp-includes\class-wp-hook.php(307): wp_maybe_auto_update('')
#7 D:\xampp\htdocs\QLXH\wp-includes\class-wp-hook.php(331): WP_Hook->apply_filters('', Array)
#8 D:\xampp\htdocs\QLXH\wp-includes\plugin.php(476): WP_Hook->do_action(Array)
#9 D:\xampp\htdocs\QLXH\wp-includes\update.php(253): do_action('wp_maybe_auto_u...')
#10 D:\xampp\htdocs\QLXH\wp-includes\class-wp-hook.php(307): wp_version_check()
#11 D:\xampp\htdocs\QLXH\wp-includes\class-wp-hook.php(331): WP_Hook->apply_filters('', Array)
#12 D:\xampp\htdocs\QLXH\wp-includes\plugin.php(524): WP_Hook->do_action(Array)
#13 D:\xampp\htdocs\QLXH\wp-cron.php(138): do_action_ref_array('wp_version_chec...', Array)
#14 {main}
  thrown in D:\xampp\htdocs\QLXH\wp-content\plugins\jet-engine\includes\modules\modules-updater.php on line 274

2022-08-13T18:57:56+00:00 CRITICAL Uncaught Error: Class "Jet_Dashboard\Utils" not found in D:\xampp\htdocs\QLXH\wp-content\plugins\jet-engine\includes\modules\modules-updater.php:274
Stack trace:
#0 D:\xampp\htdocs\QLXH\wp-includes\class-wp-hook.php(309): Jet_Engine_Modules_Updater->get_update(Object(stdClass))
#1 D:\xampp\htdocs\QLXH\wp-includes\plugin.php(191): WP_Hook->apply_filters(Object(stdClass), Array)
#2 D:\xampp\htdocs\QLXH\wp-includes\option.php(1992): apply_filters('pre_set_site_tr...', Object(stdClass), 'update_plugins')
#3 D:\xampp\htdocs\QLXH\wp-includes\update.php(354): set_site_transient('update_plugins', Object(stdClass))
#4 D:\xampp\htdocs\QLXH\wp-includes\class-wp-hook.php(307): wp_update_plugins()
#5 D:\xampp\htdocs\QLXH\wp-includes\class-wp-hook.php(331): WP_Hook->apply_filters('', Array)
#6 D:\xampp\htdocs\QLXH\wp-includes\plugin.php(524): WP_Hook->do_action(Array)
#7 D:\xampp\htdocs\QLXH\wp-cron.php(138): do_action_ref_array('wp_update_plugi...', Array)
#8 {main}
  thrown in D:\xampp\htdocs\QLXH\wp-content\plugins\jet-engine\includes\modules\modules-updater.php on line 274

2022-08-13T18:57:56+00:00 CRITICAL Uncaught Error: Class "Jet_Dashboard\Utils" not found in D:\xampp\htdocs\QLXH\wp-content\plugins\jet-engine\includes\modules\modules-updater.php:274
Stack trace:
#0 D:\xampp\htdocs\QLXH\wp-includes\class-wp-hook.php(309): Jet_Engine_Modules_Updater->get_update(Object(stdClass))
#1 D:\xampp\htdocs\QLXH\wp-includes\plugin.php(191): WP_Hook->apply_filters(Object(stdClass), Array)
#2 D:\xampp\htdocs\QLXH\wp-includes\option.php(1992): apply_filters('pre_set_site_tr...', Object(stdClass), 'update_plugins')
#3 D:\xampp\htdocs\QLXH\wp-includes\update.php(354): set_site_transient('update_plugins', Object(stdClass))
#4 D:\xampp\htdocs\QLXH\wp-includes\class-wp-hook.php(307): wp_update_plugins()
#5 D:\xampp\htdocs\QLXH\wp-includes\class-wp-hook.php(331): WP_Hook->apply_filters('', Array)
#6 D:\xampp\htdocs\QLXH\wp-includes\plugin.php(524): WP_Hook->do_action(Array)
#7 D:\xampp\htdocs\QLXH\wp-cron.php(138): do_action_ref_array('wp_update_plugi...', Array)
#8 {main}
  thrown in D:\xampp\htdocs\QLXH\wp-content\plugins\jet-engine\includes\modules\modules-updater.php on line 274

